Determining if the pthread_create exist failed with the following output:
Change Dir: /home/amin/Workspace/cplusplus/test-cplusplus-and-julia/build/CMakeFiles/CMakeTmp

Run Build Command:"/usr/bin/make" "cmTC_58fa0/fast"
/usr/bin/make -f CMakeFiles/cmTC_58fa0.dir/build.make CMakeFiles/cmTC_58fa0.dir/build
make[1]: Entering directory '/home/amin/Workspace/cplusplus/test-cplusplus-and-julia/build/CMakeFiles/CMakeTmp'
Building C object CMakeFiles/cmTC_58fa0.dir/CheckSymbolExists.c.o
/usr/bin/clang-7    -o CMakeFiles/cmTC_58fa0.dir/CheckSymbolExists.c.o   -c /home/amin/Workspace/cplusplus/test-cplusplus-and-julia/build/CMakeFiles/CMakeTmp/CheckSymbolExists.c
Linking C executable cmTC_58fa0
/usr/local/bin/cmake -E cmake_link_script CMakeFiles/cmTC_58fa0.dir/link.txt --verbose=1
/usr/bin/clang-7      CMakeFiles/cmTC_58fa0.dir/CheckSymbolExists.c.o  -o cmTC_58fa0 
CMakeFiles/cmTC_58fa0.dir/CheckSymbolExists.c.o: In function `main':
CheckSymbolExists.c:(.text+0x19): undefined reference to `pthread_create'
clang: error: linker command failed with exit code 1 (use -v to see invocation)
CMakeFiles/cmTC_58fa0.dir/build.make:86: recipe for target 'cmTC_58fa0' failed
make[1]: *** [cmTC_58fa0] Error 1
make[1]: Leaving directory '/home/amin/Workspace/cplusplus/test-cplusplus-and-julia/build/CMakeFiles/CMakeTmp'
Makefile:121: recipe for target 'cmTC_58fa0/fast' failed
make: *** [cmTC_58fa0/fast] Error 2

File /home/amin/Workspace/cplusplus/test-cplusplus-and-julia/build/CMakeFiles/CMakeTmp/CheckSymbolExists.c:
/* */
#include <pthread.h>

int main(int argc, char** argv)
{
  (void)argv;
#ifndef pthread_create
  return ((int*)(&pthread_create))[argc];
#else
  (void)argc;
  return 0;
#endif
}

Determining if the function pthread_create exists in the pthreads failed with the following output:
Change Dir: /home/amin/Workspace/cplusplus/test-cplusplus-and-julia/build/CMakeFiles/CMakeTmp

Run Build Command:"/usr/bin/make" "cmTC_87a27/fast"
/usr/bin/make -f CMakeFiles/cmTC_87a27.dir/build.make CMakeFiles/cmTC_87a27.dir/build
make[1]: Entering directory '/home/amin/Workspace/cplusplus/test-cplusplus-and-julia/build/CMakeFiles/CMakeTmp'
Building C object CMakeFiles/cmTC_87a27.dir/CheckFunctionExists.c.o
/usr/bin/clang-7   -DCHECK_FUNCTION_EXISTS=pthread_create   -o CMakeFiles/cmTC_87a27.dir/CheckFunctionExists.c.o   -c /usr/local/share/cmake-3.13/Modules/CheckFunctionExists.c
Linking C executable cmTC_87a27
/usr/local/bin/cmake -E cmake_link_script CMakeFiles/cmTC_87a27.dir/link.txt --verbose=1
/usr/bin/clang-7  -DCHECK_FUNCTION_EXISTS=pthread_create    CMakeFiles/cmTC_87a27.dir/CheckFunctionExists.c.o  -o cmTC_87a27 -lpthreads 
/usr/bin/ld: cannot find -lpthreads
clang: error: linker command failed with exit code 1 (use -v to see invocation)
CMakeFiles/cmTC_87a27.dir/build.make:86: recipe for target 'cmTC_87a27' failed
make[1]: *** [cmTC_87a27] Error 1
make[1]: Leaving directory '/home/amin/Workspace/cplusplus/test-cplusplus-and-julia/build/CMakeFiles/CMakeTmp'
Makefile:121: recipe for target 'cmTC_87a27/fast' failed
make: *** [cmTC_87a27/fast] Error 2


